Assuming unrestricted shared filesystem usage.
None
host: MacBook-Pro-de-Grigoryan.local
Building DAG of jobs...
Using shell: /bin/bash
Provided cores: 4
Rules claiming more threads will be scaled down.
Job stats:
job            count
-----------  -------
create_dirs        1
total              1

Select jobs to execute...
Execute 1 jobs...
[Wed Apr  2 14:29:32 2025]
localrule create_dirs:
    output: outputs/cellprofiler/mad_featselect_ap/profiles
    jobid: 0
    reason: Missing output files: outputs/cellprofiler/mad_featselect_ap/profiles
    resources: tmpdir=/var/folders/s6/prvmffjx7bl2mwcbcpxy05ph0000gn/T

Waiting for more resources.
[Wed Apr  2 14:29:32 2025]
Finished jobid: 0 (Rule: create_dirs)
1 of 1 steps (100%) done
Complete log(s): /Users/grigoryanmariam/newproject/2025_Grigoryan_Proteomics/00.exploratory_analysis/snakemake/.snakemake/log/2025-04-02T142932.771645.snakemake.log
